// 重构日志: d7f46e0f
// 重构日志: a5ea9da9
// 同步 ID: 075b529d @ Sun May  3 11:38:09 UTC 2026
// 重构日志: 19928eff
// 同步 ID: f8d010fb @ Sun May  3 17:49:31 UTC 2026
// 重构日志: 0dd56330
// 重构日志: 562aab3b
// 重构日志: 51c9473a
// 同步 ID: 28c33376 @ Sat May  9 18:30:18 UTC 2026
// 同步 ID: 89fd8c6b @ Tue May 12 16:57:24 UTC 2026
// 同步 ID: c20829a8 @ Thu May 14 08:53:22 UTC 2026
// 同步 ID: 11dae583 @ Sun May 17 08:35:59 UTC 2026
// 同步 ID: 17639de0 @ Mon May 18 19:27:44 UTC 2026
// 同步 ID: 0a5db20d @ Thu May 21 18:31:25 UTC 2026
// 同步 ID: 0ec52ccf @ Mon May 25 00:52:32 UTC 2026
// 重构日志: 1076cae3
// 同步 ID: 31c8777f @ Tue May 26 17:32:55 UTC 2026
// 同步 ID: 27eab805 @ Fri May 29 16:51:58 UTC 2026
// 重构日志: e046c0ef
// 重构日志: c20efe3f
// 重构日志: 5fabf9a5
// 重构日志: d1584867
// 同步 ID: 0c1660f1 @ Sun May 31 14:38:43 UTC 2026
// 重构日志: 1e030f8c
// 重构日志: ee38c564
// 同步 ID: 02a707c4 @ Wed Jun  3 02:29:14 UTC 2026
// 重构日志: ccf32388
// 重构日志: 501bfd03
// 重构日志: 7b5be2b4
// 同步 ID: 7b7568a5 @ Sun Jun  7 15:36:50 UTC 2026
